[debug] [2022-10-03T14:16:22.973Z] ----------------------------------------------------------------------
[debug] [2022-10-03T14:16:22.975Z] Command:       C:\Program Files\nodejs\node.exe C:\Users\user\AppData\Roaming\npm\node_modules\firebase-tools\lib\bin\firebase.js init
[debug] [2022-10-03T14:16:22.976Z] CLI Version:   11.13.0
[debug] [2022-10-03T14:16:22.976Z] Platform:      win32
[debug] [2022-10-03T14:16:22.976Z] Node Version:  v16.17.0
[debug] [2022-10-03T14:16:22.976Z] Time:          Mon Oct 03 2022 15:16:22 GMT+0100 (West Africa Standard Time)
[debug] [2022-10-03T14:16:22.977Z] ----------------------------------------------------------------------
[debug] 
[debug] [2022-10-03T14:16:23.053Z] > command requires scopes: ["email","openid","https://www.googleapis.com/auth/cloudplatformprojects.readonly","https://www.googleapis.com/auth/firebase","https://www.googleapis.com/auth/cloud-platform"]
[debug] [2022-10-03T14:16:23.054Z] > authorizing via signed-in user (abdulhazeemmuhammed@gmail.com)
[info] 
     ######## #### ########  ######## ########     ###     ######  ########
     ##        ##  ##     ## ##       ##     ##  ##   ##  ##       ##
     ######    ##  ########  ######   ########  #########  ######  ######
     ##        ##  ##    ##  ##       ##     ## ##     ##       ## ##
     ##       #### ##     ## ######## ########  ##     ##  ######  ########

You're about to initialize a Firebase project in this directory:

  C:\Users\user\Desktop\OLD PC\pojects-send\Frontend\react-projects\agbanla-dojo

Before we get started, keep in mind:

  * You are initializing within an existing Firebase project directory

[info] 
=== Project Setup
[info] 
[info] First, let's associate this project directory with a Firebase project.
[info] You can create multiple project aliases by running firebase use --add, 
[info] but for now we'll just set up a default project.
[info] 
[debug] [2022-10-03T14:17:14.661Z] >>> [apiv2][query] GET https://firebase.googleapis.com/v1beta1/projects pageSize=100
[debug] [2022-10-03T14:17:15.820Z] <<< [apiv2][status] GET https://firebase.googleapis.com/v1beta1/projects 200
[debug] [2022-10-03T14:17:15.820Z] <<< [apiv2][body] GET https://firebase.googleapis.com/v1beta1/projects [omitted]
